<?xml version="1.0" encoding="UTF-8"?>
<!-- Generated by org.testng.reporters.JUnitReportReporter -->
<testsuite hostname="Nishchal" name="MYFRAMEWORK.MYFRAMEWORK.ExtentReportTestNG" tests="2" failures="0" timestamp="16 Jan 2020 16:53:44 GMT" time="10.647" errors="0">
  <testcase name="Test1" time="1.368" classname="MYFRAMEWORK.MYFRAMEWORK.ExtentReportTestNG"/>
  <testcase name="Test2" time="9.279" classname="MYFRAMEWORK.MYFRAMEWORK.ExtentReportTestNG"/>
</testsuite> <!-- MYFRAMEWORK.MYFRAMEWORK.ExtentReportTestNG -->
